Start building sites … 
hugo v0.96.0+extended darwin/arm64 BuildDate=unknown

                   | EN  
-------------------+-----
  Pages            | 55  
  Paginator pages  |  2  
  Non-page files   |  0  
  Static files     |  0  
  Processed images |  0  
  Aliases          | 17  
  Sitemaps         |  1  
  Cleaned          |  0  

Built in 48 ms
Watching for changes in /Users/chenhao/Documents/Github/guangchen811.github.io/{archetypes,content,data,layouts,static,themes}
Watching for config changes in /Users/chenhao/Documents/Github/guangchen811.github.io/config.yml
Environment: "development"
Serving pages from memory
Running in Fast Render Mode. For full rebuilds on change: hugo server --disableFastRender
Web Server is available at http://localhost:1313/ (bind address 127.0.0.1)
Press Ctrl+C to stop

Change detected, rebuilding site.
2022-07-22 13:27:31.090 +0800
Source changed "/Users/chenhao/Documents/Github/guangchen811.github.io/content/MLE/AnswerHuyenQuestions.md": WRITE
Total in 11 ms

Change detected, rebuilding site.
2022-07-22 13:27:37.588 +0800
Source changed "/Users/chenhao/Documents/Github/guangchen811.github.io/content/MLE/AnswerHuyenQuestions.md": WRITE
Total in 9 ms

Change detected, rebuilding site.
2022-07-22 13:27:42.589 +0800
Source changed "/Users/chenhao/Documents/Github/guangchen811.github.io/content/MLE/AnswerHuyenQuestions.md": WRITE
Total in 13 ms

Change detected, rebuilding site.
2022-07-22 13:29:05.585 +0800
Source changed "/Users/chenhao/Documents/Github/guangchen811.github.io/content/MLE/AnswerHuyenQuestions.md": WRITE
Total in 8 ms

Change detected, rebuilding site.
2022-07-22 13:29:07.585 +0800
Source changed "/Users/chenhao/Documents/Github/guangchen811.github.io/content/MLE/AnswerHuyenQuestions.md": WRITE
Total in 11 ms

Change detected, rebuilding site.
2022-07-22 13:29:12.085 +0800
Source changed "/Users/chenhao/Documents/Github/guangchen811.github.io/content/MLE/AnswerHuyenQuestions.md": WRITE
Total in 11 ms

Change detected, rebuilding site.
2022-07-22 13:29:16.084 +0800
Source changed "/Users/chenhao/Documents/Github/guangchen811.github.io/content/MLE/AnswerHuyenQuestions.md": WRITE
Total in 10 ms

Change detected, rebuilding site.
2022-07-22 13:29:20.085 +0800
Source changed "/Users/chenhao/Documents/Github/guangchen811.github.io/content/MLE/AnswerHuyenQuestions.md": WRITE
Total in 13 ms

Change detected, rebuilding site.
2022-07-22 13:29:20.584 +0800
Source changed "/Users/chenhao/Documents/Github/guangchen811.github.io/content/MLE/AnswerHuyenQuestions.md": WRITE
Total in 6 ms

Change detected, rebuilding site.
2022-07-22 13:29:48.584 +0800
Source changed "/Users/chenhao/Documents/Github/guangchen811.github.io/content/MLE/AnswerHuyenQuestions.md": WRITE
Total in 13 ms

Change detected, rebuilding site.
2022-07-22 13:30:29.081 +0800
Source changed "/Users/chenhao/Documents/Github/guangchen811.github.io/content/MLE/AnswerHuyenQuestions.md": WRITE
Total in 7 ms
Start building sites … 
hugo v0.96.0+extended darwin/arm64 BuildDate=unknown

                   | EN  
-------------------+-----
  Pages            | 59  
  Paginator pages  |  2  
  Non-page files   |  0  
  Static files     |  0  
  Processed images |  0  
  Aliases          | 19  
  Sitemaps         |  1  
  Cleaned          |  0  

Built in 54 ms
Watching for changes in /Users/chenhao/Documents/Github/guangchen811.github.io/{archetypes,content,data,layouts,static,themes}
Watching for config changes in /Users/chenhao/Documents/Github/guangchen811.github.io/config.yml
Environment: "development"
Serving pages from memory
Running in Fast Render Mode. For full rebuilds on change: hugo server --disableFastRender
Web Server is available at http://localhost:1313/ (bind address 127.0.0.1)
Press Ctrl+C to stop

Change detected, rebuilding site.
2022-07-22 13:33:46.090 +0800
Source changed "/Users/chenhao/Documents/Github/guangchen811.github.io/content/MLE/AnswerHuyenQuestions.md": WRITE
Total in 13 ms

Change detected, rebuilding site.
2022-07-22 13:34:15.589 +0800
Source changed "/Users/chenhao/Documents/Github/guangchen811.github.io/content/MLE/AnswerHuyenQuestions.md": WRITE
Total in 17 ms

Change detected, rebuilding site.
2022-07-22 13:34:31.088 +0800
Source changed "/Users/chenhao/Documents/Github/guangchen811.github.io/content/MLE/AnswerHuyenQuestions.md": WRITE
Total in 6 ms

Change detected, rebuilding site.
2022-07-22 13:34:37.587 +0800
Source changed "/Users/chenhao/Documents/Github/guangchen811.github.io/content/MLE/AnswerHuyenQuestions.md": WRITE
Total in 8 ms

Change detected, rebuilding site.
2022-07-22 13:35:16.087 +0800
Source changed "/Users/chenhao/Documents/Github/guangchen811.github.io/content/MLE/AnswerHuyenQuestions.md": WRITE
Total in 16 ms

Change detected, rebuilding site.
2022-07-22 13:36:10.085 +0800
Source changed "/Users/chenhao/Documents/Github/guangchen811.github.io/content/MLE/AnswerHuyenQuestions.md": WRITE
Total in 19 ms

Change detected, rebuilding site.
2022-07-22 13:36:24.583 +0800
Source changed "/Users/chenhao/Documents/Github/guangchen811.github.io/content/MLE/AnswerHuyenQuestions.md": WRITE
Total in 10 ms

Change detected, rebuilding site.
2022-07-22 13:37:06.582 +0800
Source changed "/Users/chenhao/Documents/Github/guangchen811.github.io/content/MLE/AnswerHuyenQuestions.md": WRITE
Total in 7 ms

Change detected, rebuilding site.
2022-07-22 13:37:15.580 +0800
Source changed "/Users/chenhao/Documents/Github/guangchen811.github.io/content/MLE/AnswerHuyenQuestions.md": WRITE
Total in 5 ms

Change detected, rebuilding site.
2022-07-22 13:37:30.580 +0800
Source changed "/Users/chenhao/Documents/Github/guangchen811.github.io/content/MLE/AnswerHuyenQuestions.md": WRITE
Total in 6 ms

Change detected, rebuilding site.
2022-07-22 13:39:03.078 +0800
Source changed "/Users/chenhao/Documents/Github/guangchen811.github.io/content/MLE/AnswerHuyenQuestions.md": WRITE
Total in 9 ms

Change detected, rebuilding site.
2022-07-22 15:22:46.495 +0800
Source changed "/Users/chenhao/Documents/Github/guangchen811.github.io/content/MLE/AnswerHuyenQuestions.md": WRITE
Total in 35 ms

Change detected, rebuilding site.
2022-07-22 15:27:50.478 +0800
Source changed "/Users/chenhao/Documents/Github/guangchen811.github.io/content/MLE/AnswerHuyenQuestions.md": WRITE
Total in 14 ms

Change detected, rebuilding site.
2022-07-22 15:28:51.978 +0800
Source changed "/Users/chenhao/Documents/Github/guangchen811.github.io/content/MLE/AnswerHuyenQuestions.md": WRITE
Total in 12 ms

Change detected, rebuilding site.
2022-07-22 15:28:57.976 +0800
Source changed "/Users/chenhao/Documents/Github/guangchen811.github.io/content/MLE/AnswerHuyenQuestions.md": WRITE
Total in 6 ms

Change detected, rebuilding site.
2022-07-22 15:29:00.976 +0800
Source changed "/Users/chenhao/Documents/Github/guangchen811.github.io/content/MLE/AnswerHuyenQuestions.md": WRITE
Total in 9 ms

Change detected, rebuilding site.
2022-07-22 15:37:36.941 +0800
Source changed "/Users/chenhao/Documents/Github/guangchen811.github.io/content/MLE/AnswerHuyenQuestions.md": WRITE
Total in 33 ms

Change detected, rebuilding site.
2022-07-22 15:38:24.932 +0800
Source changed "/Users/chenhao/Documents/Github/guangchen811.github.io/content/MLE/AnswerHuyenQuestions.md": WRITE
Total in 7 ms

Change detected, rebuilding site.
2022-07-22 15:40:03.429 +0800
Source changed "/Users/chenhao/Documents/Github/guangchen811.github.io/content/MLE/AnswerHuyenQuestions.md": WRITE
Total in 15 ms

Change detected, rebuilding site.
2022-07-22 15:40:41.429 +0800
Source changed "/Users/chenhao/Documents/Github/guangchen811.github.io/content/MLE/AnswerHuyenQuestions.md": WRITE
Total in 10 ms

Change detected, rebuilding site.
2022-07-22 15:40:44.428 +0800
Source changed "/Users/chenhao/Documents/Github/guangchen811.github.io/content/MLE/AnswerHuyenQuestions.md": WRITE
Total in 8 ms

Change detected, rebuilding site.
2022-07-22 15:42:25.425 +0800
Source changed "/Users/chenhao/Documents/Github/guangchen811.github.io/content/MLE/AnswerHuyenQuestions.md": WRITE
Total in 10 ms

Change detected, rebuilding site.
2022-07-22 15:42:36.925 +0800
Source changed "/Users/chenhao/Documents/Github/guangchen811.github.io/content/MLE/AnswerHuyenQuestions.md": WRITE
Total in 7 ms

Change detected, rebuilding site.
2022-07-22 15:42:54.925 +0800
Source changed "/Users/chenhao/Documents/Github/guangchen811.github.io/content/MLE/AnswerHuyenQuestions.md": WRITE
Total in 11 ms

Change detected, rebuilding site.
2022-07-22 15:42:55.924 +0800
Source changed "/Users/chenhao/Documents/Github/guangchen811.github.io/content/MLE/AnswerHuyenQuestions.md": WRITE
Total in 14 ms

Change detected, rebuilding site.
2022-07-22 15:44:50.422 +0800
Source changed "/Users/chenhao/Documents/Github/guangchen811.github.io/content/MLE/AnswerHuyenQuestions.md": WRITE
Total in 12 ms

Change detected, rebuilding site.
2022-07-22 15:44:52.986 +0800
Source changed "/Users/chenhao/Documents/Github/guangchen811.github.io/content/MLE/AnswerHuyenQuestions.md": WRITE
Total in 9 ms

Change detected, rebuilding site.
2022-07-22 15:45:19.986 +0800
Source changed "/Users/chenhao/Documents/Github/guangchen811.github.io/content/MLE/AnswerHuyenQuestions.md": WRITE
Total in 11 ms

Change detected, rebuilding site.
2022-07-22 15:45:25.486 +0800
Source changed "/Users/chenhao/Documents/Github/guangchen811.github.io/content/MLE/AnswerHuyenQuestions.md": WRITE
Total in 7 ms

Change detected, rebuilding site.
2022-07-22 15:45:35.987 +0800
Source changed "/Users/chenhao/Documents/Github/guangchen811.github.io/content/MLE/AnswerHuyenQuestions.md": WRITE
Total in 8 ms

Change detected, rebuilding site.
2022-07-22 15:46:31.486 +0800
Source changed "/Users/chenhao/Documents/Github/guangchen811.github.io/content/MLE/AnswerHuyenQuestions.md": WRITE
Total in 6 ms

Change detected, rebuilding site.
2022-07-22 15:46:45.485 +0800
Source changed "/Users/chenhao/Documents/Github/guangchen811.github.io/content/MLE/AnswerHuyenQuestions.md": WRITE
Total in 11 ms

Change detected, rebuilding site.
2022-07-22 15:47:44.984 +0800
Source changed "/Users/chenhao/Documents/Github/guangchen811.github.io/content/MLE/AnswerHuyenQuestions.md": WRITE
Total in 13 ms

Change detected, rebuilding site.
2022-07-22 15:47:57.983 +0800
Source changed "/Users/chenhao/Documents/Github/guangchen811.github.io/content/MLE/AnswerHuyenQuestions.md": WRITE
Total in 7 ms

Change detected, rebuilding site.
2022-07-22 15:48:29.484 +0800
Source changed "/Users/chenhao/Documents/Github/guangchen811.github.io/content/MLE/AnswerHuyenQuestions.md": WRITE
Total in 12 ms

Change detected, rebuilding site.
2022-07-22 15:48:53.482 +0800
Source changed "/Users/chenhao/Documents/Github/guangchen811.github.io/content/MLE/AnswerHuyenQuestions.md": WRITE
Total in 7 ms

Change detected, rebuilding site.
2022-07-22 15:49:01.482 +0800
Source changed "/Users/chenhao/Documents/Github/guangchen811.github.io/content/MLE/AnswerHuyenQuestions.md": WRITE
Total in 7 ms

Change detected, rebuilding site.
2022-07-22 15:49:09.481 +0800
Source changed "/Users/chenhao/Documents/Github/guangchen811.github.io/content/MLE/AnswerHuyenQuestions.md": WRITE
Total in 7 ms

Change detected, rebuilding site.
2022-07-22 15:54:09.977 +0800
Source changed "/Users/chenhao/Documents/Github/guangchen811.github.io/content/MLE/AnswerHuyenQuestions.md": WRITE
Total in 6 ms

Change detected, rebuilding site.
2022-07-22 15:54:15.477 +0800
Source changed "/Users/chenhao/Documents/Github/guangchen811.github.io/content/MLE/AnswerHuyenQuestions.md": WRITE
Total in 7 ms

Change detected, rebuilding site.
2022-07-22 15:54:23.976 +0800
Source changed "/Users/chenhao/Documents/Github/guangchen811.github.io/content/MLE/AnswerHuyenQuestions.md": WRITE
Total in 8 ms

Change detected, rebuilding site.
2022-07-22 15:54:47.477 +0800
Source changed "/Users/chenhao/Documents/Github/guangchen811.github.io/content/MLE/AnswerHuyenQuestions.md": WRITE
Total in 11 ms

Change detected, rebuilding site.
2022-07-22 15:54:50.975 +0800
Source changed "/Users/chenhao/Documents/Github/guangchen811.github.io/content/MLE/AnswerHuyenQuestions.md": WRITE
Total in 8 ms

Change detected, rebuilding site.
2022-07-22 15:54:55.476 +0800
Source changed "/Users/chenhao/Documents/Github/guangchen811.github.io/content/MLE/AnswerHuyenQuestions.md": WRITE
Total in 6 ms

Change detected, rebuilding site.
2022-07-22 15:55:02.476 +0800
Source changed "/Users/chenhao/Documents/Github/guangchen811.github.io/content/MLE/AnswerHuyenQuestions.md": WRITE
Total in 10 ms

Change detected, rebuilding site.
2022-07-22 15:55:09.478 +0800
Source changed "/Users/chenhao/Documents/Github/guangchen811.github.io/content/MLE/AnswerHuyenQuestions.md": WRITE
Total in 10 ms

Change detected, rebuilding site.
2022-07-22 15:55:16.975 +0800
Source changed "/Users/chenhao/Documents/Github/guangchen811.github.io/content/MLE/AnswerHuyenQuestions.md": WRITE
Total in 9 ms

Change detected, rebuilding site.
2022-07-22 15:57:07.474 +0800
Source changed "/Users/chenhao/Documents/Github/guangchen811.github.io/content/MLE/AnswerHuyenQuestions.md": WRITE
Total in 12 ms

Change detected, rebuilding site.
2022-07-22 15:57:10.974 +0800
Source changed "/Users/chenhao/Documents/Github/guangchen811.github.io/content/MLE/AnswerHuyenQuestions.md": WRITE
Total in 12 ms

Change detected, rebuilding site.
2022-07-22 15:57:11.974 +0800
Source changed "/Users/chenhao/Documents/Github/guangchen811.github.io/content/MLE/AnswerHuyenQuestions.md": WRITE
Total in 12 ms

Change detected, rebuilding site.
2022-07-22 15:57:31.981 +0800
Source changed "/Users/chenhao/Documents/Github/guangchen811.github.io/content/MLE/AnswerHuyenQuestions.md": WRITE
Total in 7 ms

Change detected, rebuilding site.
2022-07-22 15:58:09.474 +0800
Source changed "/Users/chenhao/Documents/Github/guangchen811.github.io/content/MLE/AnswerHuyenQuestions.md": WRITE
Total in 13 ms

Change detected, rebuilding site.
2022-07-22 15:58:15.472 +0800
Source changed "/Users/chenhao/Documents/Github/guangchen811.github.io/content/MLE/AnswerHuyenQuestions.md": WRITE
Total in 7 ms

Change detected, rebuilding site.
2022-07-22 15:58:20.972 +0800
Source changed "/Users/chenhao/Documents/Github/guangchen811.github.io/content/MLE/AnswerHuyenQuestions.md": WRITE
Total in 9 ms

Change detected, rebuilding site.
2022-07-22 15:59:08.972 +0800
Source changed "/Users/chenhao/Documents/Github/guangchen811.github.io/content/MLE/AnswerHuyenQuestions.md": WRITE
Total in 6 ms

Change detected, rebuilding site.
2022-07-22 15:59:09.471 +0800
Source changed "/Users/chenhao/Documents/Github/guangchen811.github.io/content/MLE/AnswerHuyenQuestions.md": WRITE
Total in 8 ms

Change detected, rebuilding site.
2022-07-22 16:01:07.969 +0800
Source changed "/Users/chenhao/Documents/Github/guangchen811.github.io/content/MLE/AnswerHuyenQuestions.md": WRITE
Total in 9 ms

Change detected, rebuilding site.
2022-07-22 16:01:53.981 +0800
Source changed "/Users/chenhao/Documents/Github/guangchen811.github.io/content/MLE/AnswerHuyenQuestions.md": WRITE
Total in 9 ms

Change detected, rebuilding site.
2022-07-22 16:01:57.469 +0800
Source changed "/Users/chenhao/Documents/Github/guangchen811.github.io/content/MLE/AnswerHuyenQuestions.md": WRITE
Total in 13 ms

Change detected, rebuilding site.
2022-07-22 16:02:19.969 +0800
Source changed "/Users/chenhao/Documents/Github/guangchen811.github.io/content/MLE/AnswerHuyenQuestions.md": WRITE
Total in 10 ms

Change detected, rebuilding site.
2022-07-22 16:02:28.967 +0800
Source changed "/Users/chenhao/Documents/Github/guangchen811.github.io/content/MLE/AnswerHuyenQuestions.md": WRITE
Total in 12 ms

Change detected, rebuilding site.
2022-07-22 16:02:33.968 +0800
Source changed "/Users/chenhao/Documents/Github/guangchen811.github.io/content/MLE/AnswerHuyenQuestions.md": WRITE
Total in 7 ms

Change detected, rebuilding site.
2022-07-22 16:05:07.966 +0800
Source changed "/Users/chenhao/Documents/Github/guangchen811.github.io/content/MLE/AnswerHuyenQuestions.md": WRITE
Total in 15 ms

Change detected, rebuilding site.
2022-07-22 16:05:27.965 +0800
Source changed "/Users/chenhao/Documents/Github/guangchen811.github.io/content/MLE/AnswerHuyenQuestions.md": WRITE
Total in 10 ms

Change detected, rebuilding site.
2022-07-22 16:07:16.963 +0800
Source changed "/Users/chenhao/Documents/Github/guangchen811.github.io/content/MLE/AnswerHuyenQuestions.md": WRITE
Total in 6 ms

Change detected, rebuilding site.
2022-07-22 16:07:39.962 +0800
Source changed "/Users/chenhao/Documents/Github/guangchen811.github.io/content/MLE/AnswerHuyenQuestions.md": WRITE
Total in 7 ms

Change detected, rebuilding site.
2022-07-22 16:07:56.477 +0800
Source changed "/Users/chenhao/Documents/Github/guangchen811.github.io/content/MLE/AnswerHuyenQuestions.md": WRITE
Total in 10 ms

Change detected, rebuilding site.
2022-07-22 16:08:05.462 +0800
Source changed "/Users/chenhao/Documents/Github/guangchen811.github.io/content/MLE/AnswerHuyenQuestions.md": WRITE
Total in 13 ms

Change detected, rebuilding site.
2022-07-22 16:08:10.962 +0800
Source changed "/Users/chenhao/Documents/Github/guangchen811.github.io/content/MLE/AnswerHuyenQuestions.md": WRITE
Total in 13 ms

Change detected, rebuilding site.
2022-07-22 16:08:18.965 +0800
Source changed "/Users/chenhao/Documents/Github/guangchen811.github.io/content/MLE/AnswerHuyenQuestions.md": WRITE
Total in 9 ms

Change detected, rebuilding site.
2022-07-22 16:08:45.962 +0800
Source changed "/Users/chenhao/Documents/Github/guangchen811.github.io/content/MLE/AnswerHuyenQuestions.md": WRITE
Total in 12 ms

Change detected, rebuilding site.
2022-07-22 16:08:46.961 +0800
Source changed "/Users/chenhao/Documents/Github/guangchen811.github.io/content/MLE/AnswerHuyenQuestions.md": WRITE
Total in 13 ms

Change detected, rebuilding site.
2022-07-22 16:10:34.459 +0800
Source changed "/Users/chenhao/Documents/Github/guangchen811.github.io/content/MLE/AnswerHuyenQuestions.md": WRITE
Total in 9 ms

Change detected, rebuilding site.
2022-07-22 16:10:45.958 +0800
Source changed "/Users/chenhao/Documents/Github/guangchen811.github.io/content/MLE/AnswerHuyenQuestions.md": WRITE
Total in 12 ms

Change detected, rebuilding site.
2022-07-22 16:11:29.959 +0800
Source changed "/Users/chenhao/Documents/Github/guangchen811.github.io/content/MLE/AnswerHuyenQuestions.md": WRITE
Total in 13 ms

Change detected, rebuilding site.
2022-07-22 16:12:05.458 +0800
Source changed "/Users/chenhao/Documents/Github/guangchen811.github.io/content/MLE/AnswerHuyenQuestions.md": WRITE
Total in 9 ms

Change detected, rebuilding site.
2022-07-22 16:12:16.458 +0800
Source changed "/Users/chenhao/Documents/Github/guangchen811.github.io/content/MLE/AnswerHuyenQuestions.md": WRITE
Total in 5 ms

Change detected, rebuilding site.
2022-07-22 16:14:12.957 +0800
Source changed "/Users/chenhao/Documents/Github/guangchen811.github.io/content/MLE/AnswerHuyenQuestions.md": WRITE
Total in 12 ms

Change detected, rebuilding site.
2022-07-22 16:15:01.955 +0800
Source changed "/Users/chenhao/Documents/Github/guangchen811.github.io/content/MLE/AnswerHuyenQuestions.md": WRITE
Total in 13 ms

Change detected, rebuilding site.
2022-07-22 16:15:17.455 +0800
Source changed "/Users/chenhao/Documents/Github/guangchen811.github.io/content/MLE/AnswerHuyenQuestions.md": WRITE
Total in 12 ms

Change detected, rebuilding site.
2022-07-22 16:15:21.454 +0800
Source changed "/Users/chenhao/Documents/Github/guangchen811.github.io/content/MLE/AnswerHuyenQuestions.md": WRITE
Total in 13 ms

Change detected, rebuilding site.
2022-07-22 16:15:26.454 +0800
Source changed "/Users/chenhao/Documents/Github/guangchen811.github.io/content/MLE/AnswerHuyenQuestions.md": WRITE
Total in 13 ms

Change detected, rebuilding site.
2022-07-22 16:15:45.954 +0800
Source changed "/Users/chenhao/Documents/Github/guangchen811.github.io/content/MLE/AnswerHuyenQuestions.md": WRITE
Total in 6 ms

Change detected, rebuilding site.
2022-07-22 16:15:50.954 +0800
Source changed "/Users/chenhao/Documents/Github/guangchen811.github.io/content/MLE/AnswerHuyenQuestions.md": WRITE
Total in 12 ms

Change detected, rebuilding site.
2022-07-22 16:16:21.954 +0800
Source changed "/Users/chenhao/Documents/Github/guangchen811.github.io/content/MLE/AnswerHuyenQuestions.md": WRITE
Total in 5 ms

Change detected, rebuilding site.
2022-07-22 16:16:34.454 +0800
Source changed "/Users/chenhao/Documents/Github/guangchen811.github.io/content/MLE/AnswerHuyenQuestions.md": WRITE
Total in 7 ms

Change detected, rebuilding site.
2022-07-22 16:16:41.954 +0800
Source changed "/Users/chenhao/Documents/Github/guangchen811.github.io/content/MLE/AnswerHuyenQuestions.md": WRITE
Total in 12 ms

Change detected, rebuilding site.
2022-07-22 16:17:55.452 +0800
Source changed "/Users/chenhao/Documents/Github/guangchen811.github.io/content/MLE/AnswerHuyenQuestions.md": WRITE
Total in 7 ms

Change detected, rebuilding site.
2022-07-22 16:18:12.952 +0800
Source changed "/Users/chenhao/Documents/Github/guangchen811.github.io/content/MLE/AnswerHuyenQuestions.md": WRITE
Total in 8 ms

Change detected, rebuilding site.
2022-07-22 16:18:17.951 +0800
Source changed "/Users/chenhao/Documents/Github/guangchen811.github.io/content/MLE/AnswerHuyenQuestions.md": WRITE
Total in 12 ms

Change detected, rebuilding site.
2022-07-22 16:18:25.951 +0800
Source changed "/Users/chenhao/Documents/Github/guangchen811.github.io/content/MLE/AnswerHuyenQuestions.md": WRITE
Total in 7 ms

Change detected, rebuilding site.
2022-07-22 16:19:10.951 +0800
Source changed "/Users/chenhao/Documents/Github/guangchen811.github.io/content/MLE/AnswerHuyenQuestions.md": WRITE
Total in 13 ms

Change detected, rebuilding site.
2022-07-22 16:19:16.950 +0800
Source changed "/Users/chenhao/Documents/Github/guangchen811.github.io/content/MLE/AnswerHuyenQuestions.md": WRITE
Total in 4 ms

Change detected, rebuilding site.
2022-07-22 16:19:25.951 +0800
Source changed "/Users/chenhao/Documents/Github/guangchen811.github.io/content/MLE/AnswerHuyenQuestions.md": WRITE
Total in 13 ms

Change detected, rebuilding site.
2022-07-22 16:19:46.463 +0800
Source changed "/Users/chenhao/Documents/Github/guangchen811.github.io/content/MLE/AnswerHuyenQuestions.md": WRITE
Total in 7 ms

Change detected, rebuilding site.
2022-07-22 16:20:19.449 +0800
Source changed "/Users/chenhao/Documents/Github/guangchen811.github.io/content/MLE/AnswerHuyenQuestions.md": WRITE
Total in 11 ms

Change detected, rebuilding site.
2022-07-22 16:21:17.449 +0800
Source changed "/Users/chenhao/Documents/Github/guangchen811.github.io/content/MLE/AnswerHuyenQuestions.md": WRITE
Total in 12 ms

Change detected, rebuilding site.
2022-07-22 16:22:03.448 +0800
Source changed "/Users/chenhao/Documents/Github/guangchen811.github.io/content/MLE/AnswerHuyenQuestions.md": WRITE
Total in 12 ms

Change detected, rebuilding site.
2022-07-22 16:22:07.447 +0800
Source changed "/Users/chenhao/Documents/Github/guangchen811.github.io/content/MLE/AnswerHuyenQuestions.md": WRITE
Total in 6 ms

Change detected, rebuilding site.
2022-07-22 16:22:15.947 +0800
Source changed "/Users/chenhao/Documents/Github/guangchen811.github.io/content/MLE/AnswerHuyenQuestions.md": WRITE
Total in 8 ms

Change detected, rebuilding site.
2022-07-22 16:22:41.946 +0800
Source changed "/Users/chenhao/Documents/Github/guangchen811.github.io/content/MLE/AnswerHuyenQuestions.md": WRITE
Total in 6 ms
